# JRE version: Java(TM) SE Runtime Environment (13.0.2+8) (build 13.0.2+8)
# Java VM: Java HotSpot(TM) 64-Bit Server VM (13.0.2+8, mixed mode, sharing, tiered, compressed oops, parallel gc, windows-amd64)
Heap:
 PSYoungGen      total 19968K, used 16048K [0x00000000eab00000, 0x00000000ec080000, 0x0000000100000000)
  eden space 19456K, 81% used [0x00000000eab00000,0x00000000eba8c2c0,0x00000000ebe00000)
  from space 512K, 25% used [0x00000000ebf80000,0x00000000ebfa0000,0x00000000ec000000)
  to   space 512K, 0% used [0x00000000ec000000,0x00000000ec000000,0x00000000ec080000)
 ParOldGen       total 68608K, used 44331K [0x00000000c0000000, 0x00000000c4300000, 0x00000000eab00000)
  object space 68608K, 64% used [0x00000000c0000000,0x00000000c2b4af30,0x00000000c4300000)
 Metaspace       used 42933K, capacity 45449K, committed 45656K, reserved 1089536K
  class space    used 4520K, capacity 5451K, committed 5504K, reserved 1048576K
GC Heap History (20 events):
Event: 62.260 GC heap before
{Heap before GC invocations=40 (full 2):
 PSYoungGen      total 19968K, used 19584K [0x00000000eab00000, 0x00000000ec100000, 0x0000000100000000)
  eden space 19456K, 100% used [0x00000000eab00000,0x00000000ebe00000,0x00000000ebe00000)
  from space 512K, 25% used [0x00000000ec000000,0x00000000ec020000,0x00000000ec080000)
  to   space 512K, 0% used [0x00000000ec080000,0x00000000ec080000,0x00000000ec100000)
 ParOldGen       total 68608K, used 42742K [0x00000000c0000000, 0x00000000c4300000, 0x00000000eab00000)
  object space 68608K, 62% used [0x00000000c0000000,0x00000000c29bdbd8,0x00000000c4300000)
 Metaspace       used 42872K, capacity 45321K, committed 45400K, reserved 1089536K
  class space    used 4520K, capacity 5451K, committed 5504K, reserved 1048576K
}
Event: 62.263 GC heap after
{Heap after GC invocations=40 (full 2):
 PSYoungGen      total 19968K, used 512K [0x00000000eab00000, 0x00000000ec100000, 0x0000000100000000)
  eden space 19456K, 0% used [0x00000000eab00000,0x00000000eab00000,0x00000000ebe00000)
  from space 512K, 100% used [0x00000000ec080000,0x00000000ec100000,0x00000000ec100000)
  to   space 1536K, 0% used [0x00000000ebe00000,0x00000000ebe00000,0x00000000ebf80000)
 ParOldGen       total 68608K, used 43486K [0x00000000c0000000, 0x00000000c4300000, 0x00000000eab00000)
  object space 68608K, 63% used [0x00000000c0000000,0x00000000c2a77bd8,0x00000000c4300000)
 Metaspace       used 42872K, capacity 45321K, committed 45400K, reserved 1089536K
  class space    used 4520K, capacity 5451K, committed 5504K, reserved 1048576K
}
Event: 64.015 GC heap before
{Heap before GC invocations=41 (full 2):
 PSYoungGen      total 19968K, used 19968K [0x00000000eab00000, 0x00000000ec100000, 0x0000000100000000)
  eden space 19456K, 100% used [0x00000000eab00000,0x00000000ebe00000,0x00000000ebe00000)
  from space 512K, 100% used [0x00000000ec080000,0x00000000ec100000,0x00000000ec100000)
  to   space 1536K, 0% used [0x00000000ebe00000,0x00000000ebe00000,0x00000000ebf80000)
 ParOldGen       total 68608K, used 43486K [0x00000000c0000000, 0x00000000c4300000, 0x00000000eab00000)
  object space 68608K, 63% used [0x00000000c0000000,0x00000000c2a77bd8,0x00000000c4300000)
 Metaspace       used 42889K, capacity 45385K, committed 45656K, reserved 1089536K
  class space    used 4520K, capacity 5451K, committed 5504K, reserved 1048576K
}
Event: 64.021 GC heap after
{Heap after GC invocations=41 (full 2):
 PSYoungGen      total 20992K, used 160K [0x00000000eab00000, 0x00000000ec100000, 0x0000000100000000)
  eden space 19456K, 0% used [0x00000000eab00000,0x00000000eab00000,0x00000000ebe00000)
  from space 1536K, 10% used [0x00000000ebe00000,0x00000000ebe28000,0x00000000ebf80000)
  to   space 1024K, 0% used [0x00000000ec000000,0x00000000ec000000,0x00000000ec100000)
 ParOldGen       total 68608K, used 43998K [0x00000000c0000000, 0x00000000c4300000, 0x00000000eab00000)
  object space 68608K, 64% used [0x00000000c0000000,0x00000000c2af7bd8,0x00000000c4300000)
 Metaspace       used 42889K, capacity 45385K, committed 45656K, reserved 1089536K
  class space    used 4520K, capacity 5451K, committed 5504K, reserved 1048576K
}
Event: 65.927 GC heap before
{Heap before GC invocations=42 (full 2):
 PSYoungGen      total 20992K, used 19616K [0x00000000eab00000, 0x00000000ec100000, 0x0000000100000000)
  eden space 19456K, 100% used [0x00000000eab00000,0x00000000ebe00000,0x00000000ebe00000)
  from space 1536K, 10% used [0x00000000ebe00000,0x00000000ebe28000,0x00000000ebf80000)
  to   space 1024K, 0% used [0x00000000ec000000,0x00000000ec000000,0x00000000ec100000)
 ParOldGen       total 68608K, used 43998K [0x00000000c0000000, 0x00000000c4300000, 0x00000000eab00000)
  object space 68608K, 64% used [0x00000000c0000000,0x00000000c2af7bd8,0x00000000c4300000)
 Metaspace       used 42892K, capacity 45385K, committed 45656K, reserved 1089536K
  class space    used 4520K, capacity 5451K, committed 5504K, reserved 1048576K
}
Event: 65.929 GC heap after
{Heap after GC invocations=42 (full 2):
 PSYoungGen      total 19968K, used 96K [0x00000000eab00000, 0x00000000ec080000, 0x0000000100000000)
  eden space 19456K, 0% used [0x00000000eab00000,0x00000000eab00000,0x00000000ebe00000)
  from space 512K, 18% used [0x00000000ec000000,0x00000000ec018000,0x00000000ec080000)
  to   space 512K, 0% used [0x00000000ebf80000,0x00000000ebf80000,0x00000000ec000000)
 ParOldGen       total 68608K, used 44123K [0x00000000c0000000, 0x00000000c4300000, 0x00000000eab00000)
  object space 68608K, 64% used [0x00000000c0000000,0x00000000c2b16f30,0x00000000c4300000)
 Metaspace       used 42892K, capacity 45385K, committed 45656K, reserved 1089536K
  class space    used 4520K, capacity 5451K, committed 5504K, reserved 1048576K
}
Event: 67.832 GC heap before
{Heap before GC invocations=43 (full 2):
 PSYoungGen      total 19968K, used 19552K [0x00000000eab00000, 0x00000000ec080000, 0x0000000100000000)
  eden space 19456K, 100% used [0x00000000eab00000,0x00000000ebe00000,0x00000000ebe00000)
  from space 512K, 18% used [0x00000000ec000000,0x00000000ec018000,0x00000000ec080000)
  to   space 512K, 0% used [0x00000000ebf80000,0x00000000ebf80000,0x00000000ec000000)
 ParOldGen       total 68608K, used 44123K [0x00000000c0000000, 0x00000000c4300000, 0x00000000eab00000)
  object space 68608K, 64% used [0x00000000c0000000,0x00000000c2b16f30,0x00000000c4300000)
 Metaspace       used 42893K, capacity 45385K, committed 45656K, reserved 1089536K
  class space    used 4520K, capacity 5451K, committed 5504K, reserved 1048576K
}
Event: 67.833 GC heap after
{Heap after GC invocations=43 (full 2):
 PSYoungGen      total 19968K, used 128K [0x00000000eab00000, 0x00000000ec080000, 0x0000000100000000)
  eden space 19456K, 0% used [0x00000000eab00000,0x00000000eab00000,0x00000000ebe00000)
  from space 512K, 25% used [0x00000000ebf80000,0x00000000ebfa0000,0x00000000ec000000)
  to   space 512K, 0% used [0x00000000ec000000,0x00000000ec000000,0x00000000ec080000)
 ParOldGen       total 68608K, used 44147K [0x00000000c0000000, 0x00000000c4300000, 0x00000000eab00000)
  object space 68608K, 64% used [0x00000000c0000000,0x00000000c2b1cf30,0x00000000c4300000)
 Metaspace       used 42893K, capacity 45385K, committed 45656K, reserved 1089536K
  class space    used 4520K, capacity 5451K, committed 5504K, reserved 1048576K
}
Event: 70.393 GC heap before
{Heap before GC invocations=44 (full 2):
 PSYoungGen      total 19968K, used 19584K [0x00000000eab00000, 0x00000000ec080000, 0x0000000100000000)
  eden space 19456K, 100% used [0x00000000eab00000,0x00000000ebe00000,0x00000000ebe00000)
  from space 512K, 25% used [0x00000000ebf80000,0x00000000ebfa0000,0x00000000ec000000)
  to   space 512K, 0% used [0x00000000ec000000,0x00000000ec000000,0x00000000ec080000)
 ParOldGen       total 68608K, used 44147K [0x00000000c0000000, 0x00000000c4300000, 0x00000000eab00000)
  object space 68608K, 64% used [0x00000000c0000000,0x00000000c2b1cf30,0x00000000c4300000)
 Metaspace       used 42912K, capacity 45449K, committed 45656K, reserved 1089536K
  class space    used 4520K, capacity 5451K, committed 5504K, reserved 1048576K
}
Event: 70.395 GC heap after
{Heap after GC invocations=44 (full 2):
 PSYoungGen      total 19968K, used 352K [0x00000000eab00000, 0x00000000ec080000, 0x0000000100000000)
  eden space 19456K, 0% used [0x00000000eab00000,0x00000000eab00000,0x00000000ebe00000)
  from space 512K, 68% used [0x00000000ec000000,0x00000000ec058000,0x00000000ec080000)
  to   space 512K, 0% used [0x00000000ebf80000,0x00000000ebf80000,0x00000000ec000000)
 ParOldGen       total 68608K, used 44163K [0x00000000c0000000, 0x00000000c4300000, 0x00000000eab00000)
  object space 68608K, 64% used [0x00000000c0000000,0x00000000c2b20f30,0x00000000c4300000)
 Metaspace       used 42912K, capacity 45449K, committed 45656K, reserved 1089536K
  class space    used 4520K, capacity 5451K, committed 5504K, reserved 1048576K
}
Event: 74.322 GC heap before
{Heap before GC invocations=45 (full 2):
 PSYoungGen      total 19968K, used 19808K [0x00000000eab00000, 0x00000000ec080000, 0x0000000100000000)
  eden space 19456K, 100% used [0x00000000eab00000,0x00000000ebe00000,0x00000000ebe00000)
  from space 512K, 68% used [0x00000000ec000000,0x00000000ec058000,0x00000000ec080000)
  to   space 512K, 0% used [0x00000000ebf80000,0x00000000ebf80000,0x00000000ec000000)
 ParOldGen       total 68608K, used 44163K [0x00000000c0000000, 0x00000000c4300000, 0x00000000eab00000)
  object space 68608K, 64% used [0x00000000c0000000,0x00000000c2b20f30,0x00000000c4300000)
 Metaspace       used 42919K, capacity 45449K, committed 45656K, reserved 1089536K
  class space    used 4520K, capacity 5451K, committed 5504K, reserved 1048576K
}
Event: 74.350 GC heap after
{Heap after GC invocations=45 (full 2):
 PSYoungGen      total 19968K, used 64K [0x00000000eab00000, 0x00000000ec080000, 0x0000000100000000)
  eden space 19456K, 0% used [0x00000000eab00000,0x00000000eab00000,0x00000000ebe00000)
  from space 512K, 12% used [0x00000000ebf80000,0x00000000ebf90000,0x00000000ec000000)
  to   space 512K, 0% used [0x00000000ec000000,0x00000000ec000000,0x00000000ec080000)
 ParOldGen       total 68608K, used 44195K [0x00000000c0000000, 0x00000000c4300000, 0x00000000eab00000)
  object space 68608K, 64% used [0x00000000c0000000,0x00000000c2b28f30,0x00000000c4300000)
 Metaspace       used 42919K, capacity 45449K, committed 45656K, reserved 1089536K
  class space    used 4520K, capacity 5451K, committed 5504K, reserved 1048576K
}
Event: 79.482 GC heap before
{Heap before GC invocations=46 (full 2):
 PSYoungGen      total 19968K, used 19520K [0x00000000eab00000, 0x00000000ec080000, 0x0000000100000000)
  eden space 19456K, 100% used [0x00000000eab00000,0x00000000ebe00000,0x00000000ebe00000)
  from space 512K, 12% used [0x00000000ebf80000,0x00000000ebf90000,0x00000000ec000000)
  to   space 512K, 0% used [0x00000000ec000000,0x00000000ec000000,0x00000000ec080000)
 ParOldGen       total 68608K, used 44195K [0x00000000c0000000, 0x00000000c4300000, 0x00000000eab00000)
  object space 68608K, 64% used [0x00000000c0000000,0x00000000c2b28f30,0x00000000c4300000)
 Metaspace       used 42920K, capacity 45449K, committed 45656K, reserved 1089536K
  class space    used 4520K, capacity 5451K, committed 5504K, reserved 1048576K
}
Event: 79.497 GC heap after
{Heap after GC invocations=46 (full 2):
 PSYoungGen      total 19968K, used 128K [0x00000000eab00000, 0x00000000ec080000, 0x0000000100000000)
  eden space 19456K, 0% used [0x00000000eab00000,0x00000000eab00000,0x00000000ebe00000)
  from space 512K, 25% used [0x00000000ec000000,0x00000000ec020000,0x00000000ec080000)
  to   space 512K, 0% used [0x00000000ebf80000,0x00000000ebf80000,0x00000000ec000000)
 ParOldGen       total 68608K, used 44219K [0x00000000c0000000, 0x00000000c4300000, 0x00000000eab00000)
  object space 68608K, 64% used [0x00000000c0000000,0x00000000c2b2ef30,0x00000000c4300000)
 Metaspace       used 42920K, capacity 45449K, committed 45656K, reserved 1089536K
  class space    used 4520K, capacity 5451K, committed 5504K, reserved 1048576K
}
Event: 83.542 GC heap before
{Heap before GC invocations=47 (full 2):
 PSYoungGen      total 19968K, used 19584K [0x00000000eab00000, 0x00000000ec080000, 0x0000000100000000)
  eden space 19456K, 100% used [0x00000000eab00000,0x00000000ebe00000,0x00000000ebe00000)
  from space 512K, 25% used [0x00000000ec000000,0x00000000ec020000,0x00000000ec080000)
  to   space 512K, 0% used [0x00000000ebf80000,0x00000000ebf80000,0x00000000ec000000)
 ParOldGen       total 68608K, used 44219K [0x00000000c0000000, 0x00000000c4300000, 0x00000000eab00000)
  object space 68608K, 64% used [0x00000000c0000000,0x00000000c2b2ef30,0x00000000c4300000)
 Metaspace       used 42925K, capacity 45449K, committed 45656K, reserved 1089536K
  class space    used 4520K, capacity 5451K, committed 5504K, reserved 1048576K
}
Event: 83.544 GC heap after
{Heap after GC invocations=47 (full 2):
 PSYoungGen      total 19968K, used 416K [0x00000000eab00000, 0x00000000ec080000, 0x0000000100000000)
  eden space 19456K, 0% used [0x00000000eab00000,0x00000000eab00000,0x00000000ebe00000)
  from space 512K, 81% used [0x00000000ebf80000,0x00000000ebfe8000,0x00000000ec000000)
  to   space 512K, 0% used [0x00000000ec000000,0x00000000ec000000,0x00000000ec080000)
 ParOldGen       total 68608K, used 44235K [0x00000000c0000000, 0x00000000c4300000, 0x00000000eab00000)
  object space 68608K, 64% used [0x00000000c0000000,0x00000000c2b32f30,0x00000000c4300000)
 Metaspace       used 42925K, capacity 45449K, committed 45656K, reserved 1089536K
  class space    used 4520K, capacity 5451K, committed 5504K, reserved 1048576K
}
Event: 87.644 GC heap before
{Heap before GC invocations=48 (full 2):
 PSYoungGen      total 19968K, used 19872K [0x00000000eab00000, 0x00000000ec080000, 0x0000000100000000)
  eden space 19456K, 100% used [0x00000000eab00000,0x00000000ebe00000,0x00000000ebe00000)
  from space 512K, 81% used [0x00000000ebf80000,0x00000000ebfe8000,0x00000000ec000000)
  to   space 512K, 0% used [0x00000000ec000000,0x00000000ec000000,0x00000000ec080000)
 ParOldGen       total 68608K, used 44235K [0x00000000c0000000, 0x00000000c4300000, 0x00000000eab00000)
  object space 68608K, 64% used [0x00000000c0000000,0x00000000c2b32f30,0x00000000c4300000)
 Metaspace       used 42925K, capacity 45449K, committed 45656K, reserved 1089536K
  class space    used 4520K, capacity 5451K, committed 5504K, reserved 1048576K
}
Event: 87.647 GC heap after
{Heap after GC invocations=48 (full 2):
 PSYoungGen      total 19968K, used 64K [0x00000000eab00000, 0x00000000ec080000, 0x0000000100000000)
  eden space 19456K, 0% used [0x00000000eab00000,0x00000000eab00000,0x00000000ebe00000)
  from space 512K, 12% used [0x00000000ec000000,0x00000000ec010000,0x00000000ec080000)
  to   space 512K, 0% used [0x00000000ebf80000,0x00000000ebf80000,0x00000000ec000000)
 ParOldGen       total 68608K, used 44315K [0x00000000c0000000, 0x00000000c4300000, 0x00000000eab00000)
  object space 68608K, 64% used [0x00000000c0000000,0x00000000c2b46f30,0x00000000c4300000)
 Metaspace       used 42925K, capacity 45449K, committed 45656K, reserved 1089536K
  class space    used 4520K, capacity 5451K, committed 5504K, reserved 1048576K
}
Event: 91.372 GC heap before
{Heap before GC invocations=49 (full 2):
 PSYoungGen      total 19968K, used 19520K [0x00000000eab00000, 0x00000000ec080000, 0x0000000100000000)
  eden space 19456K, 100% used [0x00000000eab00000,0x00000000ebe00000,0x00000000ebe00000)
  from space 512K, 12% used [0x00000000ec000000,0x00000000ec010000,0x00000000ec080000)
  to   space 512K, 0% used [0x00000000ebf80000,0x00000000ebf80000,0x00000000ec000000)
 ParOldGen       total 68608K, used 44315K [0x00000000c0000000, 0x00000000c4300000, 0x00000000eab00000)
  object space 68608K, 64% used [0x00000000c0000000,0x00000000c2b46f30,0x00000000c4300000)
 Metaspace       used 42928K, capacity 45449K, committed 45656K, reserved 1089536K
  class space    used 4520K, capacity 5451K, committed 5504K, reserved 1048576K
}
Event: 91.373 GC heap after
{Heap after GC invocations=49 (full 2):
 PSYoungGen      total 19968K, used 128K [0x00000000eab00000, 0x00000000ec080000, 0x0000000100000000)
  eden space 19456K, 0% used [0x00000000eab00000,0x00000000eab00000,0x00000000ebe00000)
  from space 512K, 25% used [0x00000000ebf80000,0x00000000ebfa0000,0x00000000ec000000)
  to   space 512K, 0% used [0x00000000ec000000,0x00000000ec000000,0x00000000ec080000)
 ParOldGen       total 68608K, used 44331K [0x00000000c0000000, 0x00000000c4300000, 0x00000000eab00000)
  object space 68608K, 64% used [0x00000000c0000000,0x00000000c2b4af30,0x00000000c4300000)
 Metaspace       used 42928K, capacity 45449K, committed 45656K, reserved 1089536K
  class space    used 4520K, capacity 5451K, committed 5504K, reserved 1048576K
}

